TN:
SF:lib/cli.ts
FN:26,(anonymous_0)
FN:50,(anonymous_1)
FN:60,(anonymous_2)
FN:79,(anonymous_3)
FN:129,(anonymous_4)
FN:177,(anonymous_5)
FN:224,(anonymous_6)
FN:272,(anonymous_7)
FNF:8
FNH:0
FNDA:0,(anonymous_0)
FNDA:0,(anonymous_1)
FNDA:0,(anonymous_2)
FNDA:0,(anonymous_3)
FNDA:0,(anonymous_4)
FNDA:0,(anonymous_5)
FNDA:0,(anonymous_6)
FNDA:0,(anonymous_7)
DA:3,0
DA:4,0
DA:17,0
DA:20,0
DA:26,0
DA:27,0
DA:28,0
DA:30,0
DA:32,0
DA:33,0
DA:34,0
DA:36,0
DA:37,0
DA:38,0
DA:40,0
DA:41,0
DA:42,0
DA:44,0
DA:45,0
DA:46,0
DA:49,0
DA:50,0
DA:51,0
DA:56,0
DA:61,0
DA:62,0
DA:63,0
DA:66,0
DA:70,0
DA:80,0
DA:81,0
DA:83,0
DA:84,0
DA:85,0
DA:88,0
DA:89,0
DA:90,0
DA:93,0
DA:94,0
DA:97,0
DA:107,0
DA:109,0
DA:110,0
DA:112,0
DA:115,0
DA:116,0
DA:121,0
DA:130,0
DA:131,0
DA:133,0
DA:134,0
DA:135,0
DA:138,0
DA:139,0
DA:141,0
DA:143,0
DA:145,0
DA:146,0
DA:147,0
DA:149,0
DA:150,0
DA:153,0
DA:155,0
DA:156,0
DA:158,0
DA:161,0
DA:162,0
DA:165,0
DA:166,0
DA:170,0
DA:178,0
DA:179,0
DA:181,0
DA:182,0
DA:183,0
DA:186,0
DA:187,0
DA:189,0
DA:191,0
DA:193,0
DA:194,0
DA:196,0
DA:197,0
DA:200,0
DA:202,0
DA:203,0
DA:205,0
DA:208,0
DA:209,0
DA:212,0
DA:213,0
DA:217,0
DA:225,0
DA:226,0
DA:228,0
DA:229,0
DA:230,0
DA:233,0
DA:234,0
DA:236,0
DA:238,0
DA:240,0
DA:241,0
DA:243,0
DA:244,0
DA:247,0
DA:249,0
DA:250,0
DA:252,0
DA:255,0
DA:256,0
DA:259,0
DA:260,0
DA:264,0
DA:273,0
DA:274,0
DA:276,0
DA:277,0
DA:278,0
DA:281,0
DA:288,0
DA:289,0
DA:291,0
DA:293,0
DA:295,0
DA:296,0
DA:298,0
DA:299,0
DA:302,0
DA:309,0
DA:311,0
DA:312,0
DA:314,0
DA:317,0
DA:318,0
DA:321,0
DA:322,0
DA:327,0
DA:330,0
DA:331,0
LF:140
LH:0
BRDA:30,0,0,0
BRDA:30,0,1,0
BRDA:30,0,2,0
BRDA:30,0,3,0
BRDA:51,1,0,0
BRDA:51,1,1,0
BRDA:61,2,0,0
BRDA:83,3,0,0
BRDA:88,4,0,0
BRDA:109,5,0,0
BRDA:109,5,1,0
BRDA:131,6,0,0
BRDA:131,6,1,0
BRDA:134,7,0,0
BRDA:138,8,0,0
BRDA:138,8,1,0
BRDA:143,9,0,0
BRDA:143,9,1,0
BRDA:146,10,0,0
BRDA:146,10,1,0
BRDA:147,11,0,0
BRDA:147,11,1,0
BRDA:149,12,0,0
BRDA:149,13,0,0
BRDA:149,13,1,0
BRDA:149,13,2,0
BRDA:155,14,0,0
BRDA:155,14,1,0
BRDA:179,15,0,0
BRDA:179,15,1,0
BRDA:182,16,0,0
BRDA:186,17,0,0
BRDA:186,17,1,0
BRDA:191,18,0,0
BRDA:191,18,1,0
BRDA:194,19,0,0
BRDA:194,19,1,0
BRDA:196,20,0,0
BRDA:196,21,0,0
BRDA:196,21,1,0
BRDA:202,22,0,0
BRDA:202,22,1,0
BRDA:226,23,0,0
BRDA:226,23,1,0
BRDA:229,24,0,0
BRDA:233,25,0,0
BRDA:233,25,1,0
BRDA:238,26,0,0
BRDA:238,26,1,0
BRDA:241,27,0,0
BRDA:241,27,1,0
BRDA:243,28,0,0
BRDA:243,29,0,0
BRDA:243,29,1,0
BRDA:249,30,0,0
BRDA:249,30,1,0
BRDA:274,31,0,0
BRDA:274,31,1,0
BRDA:277,32,0,0
BRDA:288,33,0,0
BRDA:288,33,1,0
BRDA:293,34,0,0
BRDA:293,34,1,0
BRDA:296,35,0,0
BRDA:296,35,1,0
BRDA:298,36,0,0
BRDA:298,37,0,0
BRDA:298,37,1,0
BRDA:311,38,0,0
BRDA:311,38,1,0
BRDA:330,39,0,0
BRF:71
BRH:0
end_of_record
TN:
SF:lib/constant.ts
FNF:0
FNH:0
DA:8,4
DA:56,4
DA:118,4
DA:170,4
DA:202,4
LF:5
LH:5
BRF:0
BRH:0
end_of_record
TN:
SF:lib/helpers.ts
FN:14,(anonymous_0)
FN:29,(anonymous_1)
FN:40,(anonymous_2)
FN:41,(anonymous_3)
FN:53,(anonymous_4)
FN:78,(anonymous_5)
FN:101,(anonymous_6)
FN:121,(anonymous_7)
FN:138,(anonymous_8)
FNF:9
FNH:8
FNDA:24,(anonymous_0)
FNDA:126,(anonymous_1)
FNDA:6,(anonymous_2)
FNDA:18,(anonymous_3)
FNDA:60,(anonymous_4)
FNDA:60,(anonymous_5)
FNDA:6,(anonymous_6)
FNDA:0,(anonymous_7)
FNDA:73,(anonymous_8)
DA:14,4
DA:15,24
DA:16,24
DA:29,4
DA:30,126
DA:31,8
DA:40,4
DA:41,6
DA:42,18
DA:53,4
DA:54,60
DA:55,60
DA:56,60
DA:60,60
DA:61,4
DA:63,56
DA:66,60
DA:78,4
DA:85,60
DA:101,4
DA:106,6
DA:121,4
DA:122,0
DA:129,0
DA:138,4
DA:139,73
LF:26
LH:24
BRDA:29,0,0,108
BRDA:30,1,0,8
BRDA:30,2,0,126
BRDA:30,2,1,118
BRDA:53,3,0,0
BRDA:54,4,0,60
BRDA:54,4,1,0
BRDA:55,5,0,60
BRDA:55,5,1,0
BRDA:56,6,0,60
BRDA:56,6,1,0
BRDA:60,7,0,4
BRDA:60,7,1,56
BRDA:66,8,0,60
BRDA:66,8,1,0
BRDA:66,9,0,60
BRDA:66,9,1,60
BRF:17
BRH:12
end_of_record
TN:
SF:lib/index.ts
FN:694,(anonymous_6)
FN:695,(anonymous_7)
FN:696,(anonymous_8)
FN:697,(anonymous_9)
FN:36,(anonymous_10)
FN:48,(anonymous_11)
FN:59,(anonymous_12)
FN:81,(anonymous_13)
FN:108,(anonymous_14)
FN:116,(anonymous_15)
FN:128,(anonymous_16)
FN:141,(anonymous_17)
FN:151,(anonymous_18)
FN:160,(anonymous_19)
FN:170,(anonymous_20)
FN:186,(anonymous_21)
FN:198,(anonymous_22)
FN:225,(anonymous_23)
FN:252,(anonymous_24)
FN:284,(anonymous_25)
FN:319,(anonymous_26)
FN:357,(anonymous_27)
FN:369,(anonymous_28)
FN:394,(anonymous_29)
FN:426,(anonymous_30)
FN:458,(anonymous_31)
FN:470,(anonymous_32)
FN:495,(anonymous_33)
FN:527,(anonymous_34)
FN:557,(anonymous_35)
FN:569,(anonymous_36)
FN:592,(anonymous_37)
FN:613,(anonymous_38)
FN:667,(anonymous_39)
FNF:34
FNH:32
FNDA:25,(anonymous_6)
FNDA:21,(anonymous_7)
FNDA:21,(anonymous_8)
FNDA:13,(anonymous_9)
FNDA:16,(anonymous_10)
FNDA:241,(anonymous_11)
FNDA:30,(anonymous_12)
FNDA:24,(anonymous_13)
FNDA:3,(anonymous_14)
FNDA:9,(anonymous_15)
FNDA:3,(anonymous_16)
FNDA:9,(anonymous_17)
FNDA:12,(anonymous_18)
FNDA:82,(anonymous_19)
FNDA:0,(anonymous_20)
FNDA:4,(anonymous_21)
FNDA:2,(anonymous_22)
FNDA:2,(anonymous_23)
FNDA:2,(anonymous_24)
FNDA:5,(anonymous_25)
FNDA:3,(anonymous_26)
FNDA:4,(anonymous_27)
FNDA:2,(anonymous_28)
FNDA:5,(anonymous_29)
FNDA:3,(anonymous_30)
FNDA:4,(anonymous_31)
FNDA:2,(anonymous_32)
FNDA:5,(anonymous_33)
FNDA:3,(anonymous_34)
FNDA:4,(anonymous_35)
FNDA:5,(anonymous_36)
FNDA:7,(anonymous_37)
FNDA:3,(anonymous_38)
FNDA:0,(anonymous_39)
DA:1,4
DA:2,4
DA:37,16
DA:38,16
DA:39,16
DA:49,241
DA:64,30
DA:66,27
DA:67,27
DA:69,27
DA:71,27
DA:86,24
DA:88,21
DA:89,21
DA:96,21
DA:98,21
DA:113,3
DA:115,3
DA:116,9
DA:118,3
DA:133,3
DA:135,3
DA:141,9
DA:143,3
DA:152,12
DA:161,82
DA:162,82
DA:171,0
DA:172,0
DA:187,4
DA:204,2
DA:205,2
DA:207,2
DA:208,2
DA:210,2
DA:211,2
DA:213,2
DA:232,2
DA:233,2
DA:234,2
DA:236,2
DA:237,2
DA:239,2
DA:240,2
DA:242,2
DA:257,2
DA:259,2
DA:260,2
DA:262,2
DA:263,2
DA:264,2
DA:266,2
DA:267,1
DA:269,1
DA:270,1
DA:271,1
DA:274,2
DA:289,5
DA:291,5
DA:292,5
DA:294,5
DA:295,5
DA:296,5
DA:297,5
DA:299,5
DA:300,3
DA:302,2
DA:303,2
DA:304,2
DA:305,2
DA:306,2
DA:309,5
DA:324,3
DA:325,3
DA:327,3
DA:328,2
DA:331,3
DA:332,1
DA:337,3
DA:338,1
DA:343,3
DA:358,4
DA:375,2
DA:376,2
DA:378,2
DA:379,2
DA:381,2
DA:382,2
DA:384,2
DA:399,5
DA:401,5
DA:402,5
DA:404,5
DA:405,5
DA:406,5
DA:408,5
DA:409,3
DA:411,2
DA:412,2
DA:413,2
DA:416,5
DA:431,3
DA:432,3
DA:434,3
DA:435,2
DA:438,3
DA:439,1
DA:444,3
DA:459,4
DA:476,2
DA:477,2
DA:479,2
DA:480,2
DA:482,2
DA:483,2
DA:485,2
DA:500,5
DA:502,5
DA:503,5
DA:505,5
DA:506,5
DA:507,5
DA:509,5
DA:510,3
DA:512,2
DA:513,2
DA:514,2
DA:517,5
DA:532,3
DA:533,3
DA:535,3
DA:536,2
DA:539,3
DA:540,1
DA:543,3
DA:558,4
DA:575,5
DA:576,4
DA:578,4
DA:580,4
DA:582,4
DA:597,7
DA:600,6
DA:601,6
DA:603,6
DA:618,3
DA:620,3
DA:621,3
DA:623,3
DA:624,1
DA:631,2
DA:633,2
DA:634,2
DA:637,0
DA:642,4
DA:644,4
DA:650,4
DA:656,4
DA:667,4
DA:668,0
DA:670,0
DA:672,0
DA:674,0
DA:676,0
DA:678,0
DA:684,4
DA:685,4
DA:686,4
DA:687,4
DA:688,4
DA:689,4
DA:690,4
DA:691,4
DA:692,4
DA:693,4
DA:694,29
DA:695,25
DA:696,25
DA:697,17
LF:179
LH:170
BRDA:66,0,0,27
BRDA:66,0,1,21
BRDA:67,1,0,27
BRDA:67,1,1,21
BRDA:88,2,0,21
BRDA:88,2,1,21
BRDA:91,3,0,0
BRDA:91,3,1,21
BRDA:115,4,0,3
BRDA:115,4,1,3
BRDA:137,5,0,0
BRDA:137,5,1,3
BRDA:152,6,0,12
BRDA:152,6,1,0
BRDA:186,7,0,0
BRDA:200,8,0,1
BRDA:207,9,0,2
BRDA:207,9,1,2
BRDA:208,10,0,2
BRDA:208,10,1,2
BRDA:210,11,0,1
BRDA:210,11,1,1
BRDA:227,12,0,1
BRDA:228,13,0,1
BRDA:236,14,0,2
BRDA:236,14,1,2
BRDA:237,15,0,2
BRDA:237,15,1,2
BRDA:239,16,0,1
BRDA:239,16,1,1
BRDA:239,17,0,1
BRDA:239,17,1,1
BRDA:259,18,0,2
BRDA:259,18,1,2
BRDA:260,19,0,2
BRDA:260,19,1,2
BRDA:266,20,0,1
BRDA:266,20,1,1
BRDA:270,21,0,1
BRDA:270,21,1,0
BRDA:291,22,0,5
BRDA:291,22,1,5
BRDA:292,23,0,5
BRDA:292,23,1,5
BRDA:299,24,0,3
BRDA:299,24,1,2
BRDA:303,25,0,2
BRDA:303,25,1,0
BRDA:305,26,0,2
BRDA:305,26,1,0
BRDA:327,27,0,2
BRDA:331,28,0,1
BRDA:332,29,0,1
BRDA:332,29,1,0
BRDA:337,30,0,1
BRDA:338,31,0,1
BRDA:338,31,1,0
BRDA:343,32,0,3
BRDA:343,32,1,1
BRDA:357,33,0,0
BRDA:371,34,0,1
BRDA:378,35,0,2
BRDA:378,35,1,2
BRDA:379,36,0,2
BRDA:379,36,1,2
BRDA:381,37,0,1
BRDA:381,37,1,1
BRDA:401,38,0,5
BRDA:401,38,1,5
BRDA:402,39,0,5
BRDA:402,39,1,5
BRDA:408,40,0,3
BRDA:408,40,1,2
BRDA:412,41,0,2
BRDA:412,41,1,0
BRDA:434,42,0,2
BRDA:438,43,0,1
BRDA:439,44,0,1
BRDA:439,44,1,0
BRDA:444,45,0,3
BRDA:444,45,1,1
BRDA:458,46,0,0
BRDA:472,47,0,1
BRDA:479,48,0,2
BRDA:479,48,1,2
BRDA:480,49,0,2
BRDA:480,49,1,2
BRDA:482,50,0,1
BRDA:482,50,1,1
BRDA:502,51,0,5
BRDA:502,51,1,5
BRDA:503,52,0,5
BRDA:503,52,1,5
BRDA:509,53,0,3
BRDA:509,53,1,2
BRDA:513,54,0,2
BRDA:513,54,1,0
BRDA:535,55,0,2
BRDA:539,56,0,1
BRDA:540,57,0,1
BRDA:540,57,1,0
BRDA:543,58,0,3
BRDA:543,58,1,1
BRDA:557,59,0,0
BRDA:571,60,0,2
BRDA:578,61,0,4
BRDA:578,61,1,4
BRDA:620,62,0,3
BRDA:620,62,1,3
BRDA:621,63,0,3
BRDA:621,63,1,0
BRDA:623,64,0,1
BRDA:624,65,0,1
BRDA:624,65,1,0
BRDA:633,66,0,2
BRDA:668,67,0,0
BRDA:668,67,1,0
BRDA:668,67,2,0
BRDA:668,67,3,0
BRDA:668,67,4,0
BRF:120
BRH:97
end_of_record
