TN:
SF:lib/cli.ts
FN:25,(anonymous_0)
FN:49,(anonymous_1)
FN:59,(anonymous_2)
FN:78,(anonymous_3)
FN:158,(anonymous_4)
FN:222,(anonymous_5)
FN:285,(anonymous_6)
FN:349,(anonymous_7)
FNF:8
FNH:0
FNDA:0,(anonymous_0)
FNDA:0,(anonymous_1)
FNDA:0,(anonymous_2)
FNDA:0,(anonymous_3)
FNDA:0,(anonymous_4)
FNDA:0,(anonymous_5)
FNDA:0,(anonymous_6)
FNDA:0,(anonymous_7)
DA:3,0
DA:4,0
DA:16,0
DA:19,0
DA:25,0
DA:26,0
DA:27,0
DA:29,0
DA:31,0
DA:32,0
DA:33,0
DA:35,0
DA:36,0
DA:37,0
DA:39,0
DA:40,0
DA:41,0
DA:43,0
DA:44,0
DA:45,0
DA:48,0
DA:49,0
DA:50,0
DA:55,0
DA:60,0
DA:61,0
DA:62,0
DA:65,0
DA:69,0
DA:79,0
DA:81,0
DA:82,0
DA:83,0
DA:86,0
DA:87,0
DA:88,0
DA:91,0
DA:93,0
DA:94,0
DA:95,0
DA:96,0
DA:98,0
DA:100,0
DA:106,0
DA:108,0
DA:109,0
DA:111,0
DA:113,0
DA:115,0
DA:116,0
DA:118,0
DA:120,0
DA:122,0
DA:123,0
DA:125,0
DA:127,0
DA:129,0
DA:130,0
DA:132,0
DA:133,0
DA:135,0
DA:138,0
DA:139,0
DA:141,0
DA:144,0
DA:145,0
DA:150,0
DA:159,0
DA:160,0
DA:162,0
DA:163,0
DA:164,0
DA:168,0
DA:169,0
DA:170,0
DA:172,0
DA:174,0
DA:177,0
DA:178,0
DA:180,0
DA:182,0
DA:184,0
DA:185,0
DA:186,0
DA:188,0
DA:189,0
DA:193,0
DA:194,0
DA:195,0
DA:198,0
DA:200,0
DA:201,0
DA:203,0
DA:206,0
DA:207,0
DA:210,0
DA:211,0
DA:215,0
DA:223,0
DA:224,0
DA:226,0
DA:227,0
DA:228,0
DA:232,0
DA:233,0
DA:234,0
DA:236,0
DA:238,0
DA:241,0
DA:242,0
DA:244,0
DA:246,0
DA:248,0
DA:249,0
DA:251,0
DA:252,0
DA:256,0
DA:257,0
DA:258,0
DA:261,0
DA:263,0
DA:264,0
DA:266,0
DA:269,0
DA:270,0
DA:273,0
DA:274,0
DA:278,0
DA:286,0
DA:287,0
DA:289,0
DA:290,0
DA:291,0
DA:295,0
DA:296,0
DA:297,0
DA:299,0
DA:301,0
DA:304,0
DA:305,0
DA:307,0
DA:309,0
DA:311,0
DA:312,0
DA:314,0
DA:315,0
DA:319,0
DA:320,0
DA:321,0
DA:324,0
DA:326,0
DA:327,0
DA:329,0
DA:332,0
DA:333,0
DA:336,0
DA:337,0
DA:341,0
DA:350,0
DA:351,0
DA:353,0
DA:354,0
DA:355,0
DA:359,0
DA:360,0
DA:361,0
DA:363,0
DA:365,0
DA:368,0
DA:375,0
DA:376,0
DA:378,0
DA:380,0
DA:382,0
DA:383,0
DA:385,0
DA:386,0
DA:390,0
DA:391,0
DA:392,0
DA:395,0
DA:402,0
DA:404,0
DA:405,0
DA:407,0
DA:410,0
DA:411,0
DA:414,0
DA:415,0
DA:420,0
DA:423,0
DA:424,0
LF:192
LH:0
BRDA:29,0,0,0
BRDA:29,0,1,0
BRDA:29,0,2,0
BRDA:29,0,3,0
BRDA:50,1,0,0
BRDA:50,1,1,0
BRDA:60,2,0,0
BRDA:81,3,0,0
BRDA:86,4,0,0
BRDA:93,5,0,0
BRDA:93,6,0,0
BRDA:93,6,1,0
BRDA:93,6,2,0
BRDA:94,7,0,0
BRDA:95,8,0,0
BRDA:95,8,1,0
BRDA:98,9,0,0
BRDA:98,9,1,0
BRDA:106,10,0,0
BRDA:106,10,1,0
BRDA:106,10,2,0
BRDA:106,10,3,0
BRDA:108,11,0,0
BRDA:108,11,1,0
BRDA:115,12,0,0
BRDA:115,12,1,0
BRDA:122,13,0,0
BRDA:122,13,1,0
BRDA:129,14,0,0
BRDA:129,14,1,0
BRDA:138,15,0,0
BRDA:138,15,1,0
BRDA:160,16,0,0
BRDA:160,16,1,0
BRDA:163,17,0,0
BRDA:168,18,0,0
BRDA:169,19,0,0
BRDA:169,19,1,0
BRDA:177,20,0,0
BRDA:177,20,1,0
BRDA:182,21,0,0
BRDA:182,21,1,0
BRDA:185,22,0,0
BRDA:185,22,1,0
BRDA:186,23,0,0
BRDA:186,23,1,0
BRDA:188,24,0,0
BRDA:188,25,0,0
BRDA:188,25,1,0
BRDA:188,25,2,0
BRDA:193,26,0,0
BRDA:193,27,0,0
BRDA:193,27,1,0
BRDA:193,27,2,0
BRDA:200,28,0,0
BRDA:200,28,1,0
BRDA:224,29,0,0
BRDA:224,29,1,0
BRDA:227,30,0,0
BRDA:232,31,0,0
BRDA:233,32,0,0
BRDA:233,32,1,0
BRDA:241,33,0,0
BRDA:241,33,1,0
BRDA:246,34,0,0
BRDA:246,34,1,0
BRDA:249,35,0,0
BRDA:249,35,1,0
BRDA:251,36,0,0
BRDA:251,37,0,0
BRDA:251,37,1,0
BRDA:256,38,0,0
BRDA:256,39,0,0
BRDA:256,39,1,0
BRDA:263,40,0,0
BRDA:263,40,1,0
BRDA:287,41,0,0
BRDA:287,41,1,0
BRDA:290,42,0,0
BRDA:295,43,0,0
BRDA:296,44,0,0
BRDA:296,44,1,0
BRDA:304,45,0,0
BRDA:304,45,1,0
BRDA:309,46,0,0
BRDA:309,46,1,0
BRDA:312,47,0,0
BRDA:312,47,1,0
BRDA:314,48,0,0
BRDA:314,49,0,0
BRDA:314,49,1,0
BRDA:319,50,0,0
BRDA:319,51,0,0
BRDA:319,51,1,0
BRDA:326,52,0,0
BRDA:326,52,1,0
BRDA:351,53,0,0
BRDA:351,53,1,0
BRDA:354,54,0,0
BRDA:359,55,0,0
BRDA:360,56,0,0
BRDA:360,56,1,0
BRDA:375,57,0,0
BRDA:375,57,1,0
BRDA:380,58,0,0
BRDA:380,58,1,0
BRDA:383,59,0,0
BRDA:383,59,1,0
BRDA:385,60,0,0
BRDA:385,61,0,0
BRDA:385,61,1,0
BRDA:390,62,0,0
BRDA:390,63,0,0
BRDA:390,63,1,0
BRDA:390,63,2,0
BRDA:404,64,0,0
BRDA:404,64,1,0
BRDA:423,65,0,0
BRF:118
BRH:0
end_of_record
TN:
SF:lib/constant.ts
FNF:0
FNH:0
DA:8,0
DA:56,0
DA:118,0
DA:170,0
DA:202,0
LF:5
LH:0
BRF:0
BRH:0
end_of_record
TN:
SF:lib/helpers.ts
FN:14,(anonymous_0)
FN:29,(anonymous_1)
FN:40,(anonymous_2)
FN:41,(anonymous_3)
FN:53,(anonymous_4)
FN:78,(anonymous_5)
FN:101,(anonymous_6)
FN:121,(anonymous_7)
FN:138,(anonymous_8)
FNF:9
FNH:0
FNDA:0,(anonymous_0)
FNDA:0,(anonymous_1)
FNDA:0,(anonymous_2)
FNDA:0,(anonymous_3)
FNDA:0,(anonymous_4)
FNDA:0,(anonymous_5)
FNDA:0,(anonymous_6)
FNDA:0,(anonymous_7)
FNDA:0,(anonymous_8)
DA:14,0
DA:15,0
DA:16,0
DA:29,0
DA:30,0
DA:31,0
DA:40,0
DA:41,0
DA:42,0
DA:53,0
DA:54,0
DA:55,0
DA:56,0
DA:60,0
DA:61,0
DA:63,0
DA:66,0
DA:78,0
DA:85,0
DA:101,0
DA:106,0
DA:121,0
DA:122,0
DA:129,0
DA:138,0
DA:139,0
LF:26
LH:0
BRDA:29,0,0,0
BRDA:30,1,0,0
BRDA:30,2,0,0
BRDA:30,2,1,0
BRDA:53,3,0,0
BRDA:54,4,0,0
BRDA:54,4,1,0
BRDA:55,5,0,0
BRDA:55,5,1,0
BRDA:56,6,0,0
BRDA:56,6,1,0
BRDA:60,7,0,0
BRDA:60,7,1,0
BRDA:66,8,0,0
BRDA:66,8,1,0
BRDA:66,9,0,0
BRDA:66,9,1,0
BRF:17
BRH:0
end_of_record
TN:
SF:lib/index.ts
FN:528,(anonymous_6)
FN:529,(anonymous_7)
FN:530,(anonymous_8)
FN:531,(anonymous_9)
FN:38,(anonymous_10)
FN:50,(anonymous_11)
FN:59,(anonymous_12)
FN:83,(anonymous_13)
FN:109,(anonymous_14)
FN:112,(anonymous_15)
FN:122,(anonymous_16)
FN:126,(anonymous_17)
FN:136,(anonymous_18)
FN:145,(anonymous_19)
FN:155,(anonymous_20)
FN:171,(anonymous_21)
FN:181,(anonymous_22)
FN:198,(anonymous_23)
FN:214,(anonymous_24)
FN:229,(anonymous_25)
FN:249,(anonymous_26)
FN:283,(anonymous_27)
FN:293,(anonymous_28)
FN:308,(anonymous_29)
FN:323,(anonymous_30)
FN:351,(anonymous_31)
FN:361,(anonymous_32)
FN:376,(anonymous_33)
FN:391,(anonymous_34)
FN:417,(anonymous_35)
FN:427,(anonymous_36)
FN:447,(anonymous_37)
FN:462,(anonymous_38)
FN:511,(anonymous_39)
FNF:34
FNH:0
FNDA:0,(anonymous_6)
FNDA:0,(anonymous_7)
FNDA:0,(anonymous_8)
FNDA:0,(anonymous_9)
FNDA:0,(anonymous_10)
FNDA:0,(anonymous_11)
FNDA:0,(anonymous_12)
FNDA:0,(anonymous_13)
FNDA:0,(anonymous_14)
FNDA:0,(anonymous_15)
FNDA:0,(anonymous_16)
FNDA:0,(anonymous_17)
FNDA:0,(anonymous_18)
FNDA:0,(anonymous_19)
FNDA:0,(anonymous_20)
FNDA:0,(anonymous_21)
FNDA:0,(anonymous_22)
FNDA:0,(anonymous_23)
FNDA:0,(anonymous_24)
FNDA:0,(anonymous_25)
FNDA:0,(anonymous_26)
FNDA:0,(anonymous_27)
FNDA:0,(anonymous_28)
FNDA:0,(anonymous_29)
FNDA:0,(anonymous_30)
FNDA:0,(anonymous_31)
FNDA:0,(anonymous_32)
FNDA:0,(anonymous_33)
FNDA:0,(anonymous_34)
FNDA:0,(anonymous_35)
FNDA:0,(anonymous_36)
FNDA:0,(anonymous_37)
FNDA:0,(anonymous_38)
FNDA:0,(anonymous_39)
DA:1,0
DA:2,0
DA:3,0
DA:39,0
DA:40,0
DA:41,0
DA:51,0
DA:60,0
DA:64,0
DA:69,0
DA:84,0
DA:86,0
DA:90,0
DA:95,0
DA:110,0
DA:112,0
DA:114,0
DA:123,0
DA:125,0
DA:126,0
DA:128,0
DA:137,0
DA:146,0
DA:147,0
DA:156,0
DA:157,0
DA:172,0
DA:182,0
DA:183,0
DA:185,0
DA:186,0
DA:188,0
DA:199,0
DA:200,0
DA:201,0
DA:203,0
DA:204,0
DA:206,0
DA:215,0
DA:217,0
DA:218,0
DA:219,0
DA:221,0
DA:230,0
DA:232,0
DA:233,0
DA:234,0
DA:236,0
DA:237,0
DA:239,0
DA:241,0
DA:250,0
DA:251,0
DA:253,0
DA:254,0
DA:257,0
DA:258,0
DA:263,0
DA:264,0
DA:269,0
DA:284,0
DA:294,0
DA:295,0
DA:297,0
DA:298,0
DA:300,0
DA:309,0
DA:311,0
DA:312,0
DA:313,0
DA:315,0
DA:324,0
DA:325,0
DA:327,0
DA:328,0
DA:331,0
DA:332,0
DA:337,0
DA:352,0
DA:362,0
DA:363,0
DA:365,0
DA:366,0
DA:368,0
DA:377,0
DA:379,0
DA:380,0
DA:381,0
DA:383,0
DA:392,0
DA:393,0
DA:395,0
DA:396,0
DA:399,0
DA:400,0
DA:403,0
DA:418,0
DA:428,0
DA:429,0
DA:431,0
DA:433,0
DA:448,0
DA:451,0
DA:452,0
DA:454,0
DA:463,0
DA:465,0
DA:467,0
DA:468,0
DA:475,0
DA:477,0
DA:478,0
DA:481,0
DA:486,0
DA:488,0
DA:494,0
DA:500,0
DA:511,0
DA:512,0
DA:514,0
DA:516,0
DA:518,0
DA:520,0
DA:522,0
DA:528,0
DA:529,0
DA:530,0
DA:531,0
DA:532,0
DA:533,0
DA:534,0
DA:535,0
DA:536,0
DA:537,0
DA:538,0
DA:539,0
DA:540,0
DA:541,0
DA:542,0
LF:139
LH:0
BRDA:137,0,0,0
BRDA:137,0,1,0
BRDA:171,1,0,0
BRDA:181,2,0,0
BRDA:185,3,0,0
BRDA:185,3,1,0
BRDA:198,4,0,0
BRDA:198,5,0,0
BRDA:203,6,0,0
BRDA:203,6,1,0
BRDA:203,7,0,0
BRDA:203,7,1,0
BRDA:253,8,0,0
BRDA:257,9,0,0
BRDA:258,10,0,0
BRDA:258,10,1,0
BRDA:263,11,0,0
BRDA:264,12,0,0
BRDA:264,12,1,0
BRDA:269,13,0,0
BRDA:269,13,1,0
BRDA:283,14,0,0
BRDA:293,15,0,0
BRDA:297,16,0,0
BRDA:297,16,1,0
BRDA:327,17,0,0
BRDA:331,18,0,0
BRDA:332,19,0,0
BRDA:332,19,1,0
BRDA:337,20,0,0
BRDA:337,20,1,0
BRDA:351,21,0,0
BRDA:361,22,0,0
BRDA:365,23,0,0
BRDA:365,23,1,0
BRDA:395,24,0,0
BRDA:399,25,0,0
BRDA:400,26,0,0
BRDA:400,26,1,0
BRDA:403,27,0,0
BRDA:403,27,1,0
BRDA:417,28,0,0
BRDA:427,29,0,0
BRDA:465,30,0,0
BRDA:465,30,1,0
BRDA:467,31,0,0
BRDA:468,32,0,0
BRDA:468,32,1,0
BRDA:477,33,0,0
BRDA:512,34,0,0
BRDA:512,34,1,0
BRDA:512,34,2,0
BRDA:512,34,3,0
BRDA:512,34,4,0
BRF:54
BRH:0
end_of_record
